[debug] [2023-06-05T12:11:32.054Z] ----------------------------------------------------------------------
[debug] [2023-06-05T12:11:32.055Z] Command:       C:\Program Files\nodejs\node.exe C:\Users\John\AppData\Roaming\npm\node_modules\firebase-tools\lib\bin\firebase.js emulators:start
[debug] [2023-06-05T12:11:32.056Z] CLI Version:   12.2.1
[debug] [2023-06-05T12:11:32.056Z] Platform:      win32
[debug] [2023-06-05T12:11:32.056Z] Node Version:  v16.17.1
[debug] [2023-06-05T12:11:32.057Z] Time:          Mon Jun 05 2023 06:11:32 GMT-0600 (Mountain Daylight Time)
[debug] [2023-06-05T12:11:32.058Z] ----------------------------------------------------------------------
[debug] 
[debug] [2023-06-05T12:11:32.165Z] > command requires scopes: ["email","openid","https://www.googleapis.com/auth/cloudplatformprojects.readonly","https://www.googleapis.com/auth/firebase","https://www.googleapis.com/auth/cloud-platform"]
[debug] [2023-06-05T12:11:32.165Z] > authorizing via signed-in user (johnpetereberhard@gmail.com)
[info] i  emulators: Starting emulators: hosting {"metadata":{"emulator":{"name":"hub"},"message":"Starting emulators: hosting"}}
[debug] [2023-06-05T12:11:32.185Z] [logging] Logging Emulator only supports listening on one address (127.0.0.1). Not listening on ::1
[debug] [2023-06-05T12:11:32.185Z] [hosting] Hosting Emulator only supports listening on one address (127.0.0.1). Not listening on ::1
[debug] [2023-06-05T12:11:32.186Z] assigned listening specs for emulators {"user":{"hub":[{"address":"127.0.0.1","family":"IPv4","port":4400},{"address":"::1","family":"IPv6","port":4400}],"logging":[{"address":"127.0.0.1","family":"IPv4","port":4500}],"hosting":[{"address":"127.0.0.1","family":"IPv4","port":5000}]},"metadata":{"message":"assigned listening specs for emulators"}}
[debug] [2023-06-05T12:11:32.205Z] [hub] writing locator at C:\Users\John\AppData\Local\Temp\hub-burley-maids.json
[debug] [2023-06-05T12:11:32.258Z] >>> [apiv2][query] GET https://firebase.googleapis.com/v1beta1/projects/burley-maids [none]
[debug] [2023-06-05T12:11:32.584Z] <<< [apiv2][status] GET https://firebase.googleapis.com/v1beta1/projects/burley-maids 200
[debug] [2023-06-05T12:11:32.584Z] <<< [apiv2][body] GET https://firebase.googleapis.com/v1beta1/projects/burley-maids {"projectId":"burley-maids","projectNumber":"946123700109","displayName":"Burley Maids","name":"projects/burley-maids","resources":{"hostingSite":"burley-maids"},"state":"ACTIVE","etag":"1_cc495718-36e6-40e3-9f40-965eaa12ac70"}
[info] i  emulators: Shutting down emulators. {"metadata":{"emulator":{"name":"hub"},"message":"Shutting down emulators."}}
[info] i  hub: Stopping emulator hub {"metadata":{"emulator":{"name":"hub"},"message":"Stopping emulator hub"}}
[debug] [2023-06-05T12:11:40.738Z] Error: Cannot find module 'next'
Require stack:
- C:\Users\John\AppData\Roaming\npm\node_modules\firebase-tools\lib\frameworks\utils.js
- C:\Users\John\AppData\Roaming\npm\node_modules\firebase-tools\lib\frameworks\index.js
- C:\Users\John\AppData\Roaming\npm\node_modules\firebase-tools\lib\emulator\controller.js
- C:\Users\John\AppData\Roaming\npm\node_modules\firebase-tools\lib\emulator\commandUtils.js
- C:\Users\John\AppData\Roaming\npm\node_modules\firebase-tools\lib\commands\database-get.js
- C:\Users\John\AppData\Roaming\npm\node_modules\firebase-tools\lib\commands\index.js
- C:\Users\John\AppData\Roaming\npm\node_modules\firebase-tools\lib\index.js
- C:\Users\John\AppData\Roaming\npm\node_modules\firebase-tools\lib\bin\firebase.js
    at Function.Module._resolveFilename (node:internal/modules/cjs/loader:956:15)
    at Function.resolve (node:internal/modules/cjs/helpers:108:19)
    at relativeRequire (C:\Users\John\AppData\Roaming\npm\node_modules\firebase-tools\lib\frameworks\utils.js:134:30)
    at getDevModeHandle (C:\Users\John\AppData\Roaming\npm\node_modules\firebase-tools\lib\frameworks\next\index.js:357:44)
    at prepareFrameworks (C:\Users\John\AppData\Roaming\npm\node_modules\firebase-tools\lib\frameworks\index.js:201:20)
    at async Object.startAll (C:\Users\John\AppData\Roaming\npm\node_modules\firebase-tools\lib\emulator\controller.js:294:9)
    at async C:\Users\John\AppData\Roaming\npm\node_modules\firebase-tools\lib\commands\emulators-start.js:32:43
[error] 
[error] Error: An unexpected error has occurred.
[debug] [2023-06-05T12:15:19.327Z] ----------------------------------------------------------------------
[debug] [2023-06-05T12:15:19.330Z] Command:       C:\Program Files\nodejs\node.exe C:\Users\John\AppData\Roaming\npm\node_modules\firebase-tools\lib\bin\firebase.js emulators:start
[debug] [2023-06-05T12:15:19.330Z] CLI Version:   12.2.1
[debug] [2023-06-05T12:15:19.330Z] Platform:      win32
[debug] [2023-06-05T12:15:19.331Z] Node Version:  v16.17.1
[debug] [2023-06-05T12:15:19.332Z] Time:          Mon Jun 05 2023 06:15:19 GMT-0600 (Mountain Daylight Time)
[debug] [2023-06-05T12:15:19.332Z] ----------------------------------------------------------------------
[debug] 
[debug] [2023-06-05T12:15:19.455Z] > command requires scopes: ["email","openid","https://www.googleapis.com/auth/cloudplatformprojects.readonly","https://www.googleapis.com/auth/firebase","https://www.googleapis.com/auth/cloud-platform"]
[debug] [2023-06-05T12:15:19.456Z] > authorizing via signed-in user (johnpetereberhard@gmail.com)
[info] i  emulators: Starting emulators: hosting {"metadata":{"emulator":{"name":"hub"},"message":"Starting emulators: hosting"}}
[debug] [2023-06-05T12:15:19.488Z] [logging] Logging Emulator only supports listening on one address (127.0.0.1). Not listening on ::1
[debug] [2023-06-05T12:15:19.489Z] [hosting] Hosting Emulator only supports listening on one address (127.0.0.1). Not listening on ::1
[debug] [2023-06-05T12:15:19.490Z] assigned listening specs for emulators {"user":{"hub":[{"address":"127.0.0.1","family":"IPv4","port":4400},{"address":"::1","family":"IPv6","port":4400}],"logging":[{"address":"127.0.0.1","family":"IPv4","port":4500}],"hosting":[{"address":"127.0.0.1","family":"IPv4","port":5000}]},"metadata":{"message":"assigned listening specs for emulators"}}
[debug] [2023-06-05T12:15:19.513Z] [hub] writing locator at C:\Users\John\AppData\Local\Temp\hub-burley-maids.json
[debug] [2023-06-05T12:15:19.562Z] >>> [apiv2][query] GET https://firebase.googleapis.com/v1beta1/projects/burley-maids [none]
[debug] [2023-06-05T12:15:19.998Z] <<< [apiv2][status] GET https://firebase.googleapis.com/v1beta1/projects/burley-maids 200
[debug] [2023-06-05T12:15:19.998Z] <<< [apiv2][body] GET https://firebase.googleapis.com/v1beta1/projects/burley-maids {"projectId":"burley-maids","projectNumber":"946123700109","displayName":"Burley Maids","name":"projects/burley-maids","resources":{"hostingSite":"burley-maids"},"state":"ACTIVE","etag":"1_cc495718-36e6-40e3-9f40-965eaa12ac70"}
[info] i  emulators: Shutting down emulators. {"metadata":{"emulator":{"name":"hub"},"message":"Shutting down emulators."}}
[info] i  hub: Stopping emulator hub {"metadata":{"emulator":{"name":"hub"},"message":"Stopping emulator hub"}}
[debug] [2023-06-05T12:15:28.993Z] Error: Cannot find module 'next'
Require stack:
- C:\Users\John\AppData\Roaming\npm\node_modules\firebase-tools\lib\frameworks\utils.js
- C:\Users\John\AppData\Roaming\npm\node_modules\firebase-tools\lib\frameworks\index.js
- C:\Users\John\AppData\Roaming\npm\node_modules\firebase-tools\lib\emulator\controller.js
- C:\Users\John\AppData\Roaming\npm\node_modules\firebase-tools\lib\emulator\commandUtils.js
- C:\Users\John\AppData\Roaming\npm\node_modules\firebase-tools\lib\commands\database-get.js
- C:\Users\John\AppData\Roaming\npm\node_modules\firebase-tools\lib\commands\index.js
- C:\Users\John\AppData\Roaming\npm\node_modules\firebase-tools\lib\index.js
- C:\Users\John\AppData\Roaming\npm\node_modules\firebase-tools\lib\bin\firebase.js
    at Function.Module._resolveFilename (node:internal/modules/cjs/loader:956:15)
    at Function.resolve (node:internal/modules/cjs/helpers:108:19)
    at relativeRequire (C:\Users\John\AppData\Roaming\npm\node_modules\firebase-tools\lib\frameworks\utils.js:134:30)
    at getDevModeHandle (C:\Users\John\AppData\Roaming\npm\node_modules\firebase-tools\lib\frameworks\next\index.js:357:44)
    at prepareFrameworks (C:\Users\John\AppData\Roaming\npm\node_modules\firebase-tools\lib\frameworks\index.js:201:20)
    at async Object.startAll (C:\Users\John\AppData\Roaming\npm\node_modules\firebase-tools\lib\emulator\controller.js:294:9)
    at async C:\Users\John\AppData\Roaming\npm\node_modules\firebase-tools\lib\commands\emulators-start.js:32:43
[error] 
[error] Error: An unexpected error has occurred.
[debug] [2023-06-05T12:17:58.008Z] ----------------------------------------------------------------------
[debug] [2023-06-05T12:17:58.011Z] Command:       C:\Program Files\nodejs\node.exe C:\Users\John\AppData\Roaming\npm\node_modules\firebase-tools\lib\bin\firebase.js deploy
[debug] [2023-06-05T12:17:58.011Z] CLI Version:   12.2.1
[debug] [2023-06-05T12:17:58.011Z] Platform:      win32
[debug] [2023-06-05T12:17:58.012Z] Node Version:  v16.17.1
[debug] [2023-06-05T12:17:58.013Z] Time:          Mon Jun 05 2023 06:17:58 GMT-0600 (Mountain Daylight Time)
[debug] [2023-06-05T12:17:58.013Z] ----------------------------------------------------------------------
[debug] 
[debug] [2023-06-05T12:17:58.099Z] > command requires scopes: ["email","openid","https://www.googleapis.com/auth/cloudplatformprojects.readonly","https://www.googleapis.com/auth/firebase","https://www.googleapis.com/auth/cloud-platform"]
[debug] [2023-06-05T12:17:58.100Z] > authorizing via signed-in user (johnpetereberhard@gmail.com)
[debug] [2023-06-05T12:17:58.100Z] [iam] checking project burley-maids for permissions ["firebase.projects.get","firebasehosting.sites.update"]
[debug] [2023-06-05T12:17:58.104Z] >>> [apiv2][query] POST https://cloudresourcemanager.googleapis.com/v1/projects/burley-maids:testIamPermissions [none]
[debug] [2023-06-05T12:17:58.104Z] >>> [apiv2][(partial)header] POST https://cloudresourcemanager.googleapis.com/v1/projects/burley-maids:testIamPermissions x-goog-quota-user=projects/burley-maids
[debug] [2023-06-05T12:17:58.105Z] >>> [apiv2][body] POST https://cloudresourcemanager.googleapis.com/v1/projects/burley-maids:testIamPermissions {"permissions":["firebase.projects.get","firebasehosting.sites.update"]}
[debug] [2023-06-05T12:17:58.435Z] <<< [apiv2][status] POST https://cloudresourcemanager.googleapis.com/v1/projects/burley-maids:testIamPermissions 200
[debug] [2023-06-05T12:17:58.435Z] <<< [apiv2][body] POST https://cloudresourcemanager.googleapis.com/v1/projects/burley-maids:testIamPermissions {"permissions":["firebase.projects.get","firebasehosting.sites.update"]}
[debug] [2023-06-05T12:17:58.436Z] >>> [apiv2][query] GET https://firebase.googleapis.com/v1beta1/projects/burley-maids [none]
[debug] [2023-06-05T12:17:58.769Z] <<< [apiv2][status] GET https://firebase.googleapis.com/v1beta1/projects/burley-maids 200
[debug] [2023-06-05T12:17:58.770Z] <<< [apiv2][body] GET https://firebase.googleapis.com/v1beta1/projects/burley-maids {"projectId":"burley-maids","projectNumber":"946123700109","displayName":"Burley Maids","name":"projects/burley-maids","resources":{"hostingSite":"burley-maids"},"state":"ACTIVE","etag":"1_cc495718-36e6-40e3-9f40-965eaa12ac70"}
[debug] [2023-06-05T12:18:07.382Z] Error: Cannot find module 'next'
Require stack:
- C:\Users\John\AppData\Roaming\npm\node_modules\firebase-tools\lib\frameworks\utils.js
- C:\Users\John\AppData\Roaming\npm\node_modules\firebase-tools\lib\frameworks\index.js
- C:\Users\John\AppData\Roaming\npm\node_modules\firebase-tools\lib\emulator\controller.js
- C:\Users\John\AppData\Roaming\npm\node_modules\firebase-tools\lib\emulator\commandUtils.js
- C:\Users\John\AppData\Roaming\npm\node_modules\firebase-tools\lib\commands\database-get.js
- C:\Users\John\AppData\Roaming\npm\node_modules\firebase-tools\lib\commands\index.js
- C:\Users\John\AppData\Roaming\npm\node_modules\firebase-tools\lib\index.js
- C:\Users\John\AppData\Roaming\npm\node_modules\firebase-tools\lib\bin\firebase.js
    at Function.Module._resolveFilename (node:internal/modules/cjs/loader:956:15)
    at Function.resolve (node:internal/modules/cjs/helpers:108:19)
    at relativeRequire (C:\Users\John\AppData\Roaming\npm\node_modules\firebase-tools\lib\frameworks\utils.js:134:30)
    at getDevModeHandle (C:\Users\John\AppData\Roaming\npm\node_modules\firebase-tools\lib\frameworks\next\index.js:357:44)
    at async prepareFrameworks (C:\Users\John\AppData\Roaming\npm\node_modules\firebase-tools\lib\frameworks\index.js:201:14)
    at async deploy (C:\Users\John\AppData\Roaming\npm\node_modules\firebase-tools\lib\deploy\index.js:55:13)
[error] 
[error] Error: An unexpected error has occurred.
[debug] [2023-06-05T12:20:05.664Z] ----------------------------------------------------------------------
[debug] [2023-06-05T12:20:05.667Z] Command:       C:\Program Files\nodejs\node.exe C:\Users\John\AppData\Roaming\npm\node_modules\firebase-tools\lib\bin\firebase.js emulators:start
[debug] [2023-06-05T12:20:05.667Z] CLI Version:   12.2.1
[debug] [2023-06-05T12:20:05.667Z] Platform:      win32
[debug] [2023-06-05T12:20:05.668Z] Node Version:  v16.17.1
[debug] [2023-06-05T12:20:05.669Z] Time:          Mon Jun 05 2023 06:20:05 GMT-0600 (Mountain Daylight Time)
[debug] [2023-06-05T12:20:05.669Z] ----------------------------------------------------------------------
[debug] 
[debug] [2023-06-05T12:20:05.781Z] > command requires scopes: ["email","openid","https://www.googleapis.com/auth/cloudplatformprojects.readonly","https://www.googleapis.com/auth/firebase","https://www.googleapis.com/auth/cloud-platform"]
[debug] [2023-06-05T12:20:05.782Z] > authorizing via signed-in user (johnpetereberhard@gmail.com)
[info] i  emulators: Starting emulators: hosting {"metadata":{"emulator":{"name":"hub"},"message":"Starting emulators: hosting"}}
[debug] [2023-06-05T12:20:05.810Z] [logging] Logging Emulator only supports listening on one address (127.0.0.1). Not listening on ::1
[debug] [2023-06-05T12:20:05.811Z] [hosting] Hosting Emulator only supports listening on one address (127.0.0.1). Not listening on ::1
[debug] [2023-06-05T12:20:05.811Z] assigned listening specs for emulators {"user":{"hub":[{"address":"127.0.0.1","family":"IPv4","port":4400},{"address":"::1","family":"IPv6","port":4400}],"logging":[{"address":"127.0.0.1","family":"IPv4","port":4500}],"hosting":[{"address":"127.0.0.1","family":"IPv4","port":5000}]},"metadata":{"message":"assigned listening specs for emulators"}}
[debug] [2023-06-05T12:20:05.832Z] [hub] writing locator at C:\Users\John\AppData\Local\Temp\hub-burley-maids.json
[debug] [2023-06-05T12:20:05.885Z] >>> [apiv2][query] GET https://firebase.googleapis.com/v1beta1/projects/burley-maids [none]
[debug] [2023-06-05T12:20:06.217Z] <<< [apiv2][status] GET https://firebase.googleapis.com/v1beta1/projects/burley-maids 200
[debug] [2023-06-05T12:20:06.217Z] <<< [apiv2][body] GET https://firebase.googleapis.com/v1beta1/projects/burley-maids {"projectId":"burley-maids","projectNumber":"946123700109","displayName":"Burley Maids","name":"projects/burley-maids","resources":{"hostingSite":"burley-maids"},"state":"ACTIVE","etag":"1_cc495718-36e6-40e3-9f40-965eaa12ac70"}
[info] i  emulators: Shutting down emulators. {"metadata":{"emulator":{"name":"hub"},"message":"Shutting down emulators."}}
[info] i  hub: Stopping emulator hub {"metadata":{"emulator":{"name":"hub"},"message":"Stopping emulator hub"}}
[debug] [2023-06-05T12:20:14.914Z] Error: Cannot find module 'next'
Require stack:
- C:\Users\John\AppData\Roaming\npm\node_modules\firebase-tools\lib\frameworks\utils.js
- C:\Users\John\AppData\Roaming\npm\node_modules\firebase-tools\lib\frameworks\index.js
- C:\Users\John\AppData\Roaming\npm\node_modules\firebase-tools\lib\emulator\controller.js
- C:\Users\John\AppData\Roaming\npm\node_modules\firebase-tools\lib\emulator\commandUtils.js
- C:\Users\John\AppData\Roaming\npm\node_modules\firebase-tools\lib\commands\database-get.js
- C:\Users\John\AppData\Roaming\npm\node_modules\firebase-tools\lib\commands\index.js
- C:\Users\John\AppData\Roaming\npm\node_modules\firebase-tools\lib\index.js
- C:\Users\John\AppData\Roaming\npm\node_modules\firebase-tools\lib\bin\firebase.js
    at Function.Module._resolveFilename (node:internal/modules/cjs/loader:956:15)
    at Function.resolve (node:internal/modules/cjs/helpers:108:19)
    at relativeRequire (C:\Users\John\AppData\Roaming\npm\node_modules\firebase-tools\lib\frameworks\utils.js:134:30)
    at getDevModeHandle (C:\Users\John\AppData\Roaming\npm\node_modules\firebase-tools\lib\frameworks\next\index.js:357:44)
    at prepareFrameworks (C:\Users\John\AppData\Roaming\npm\node_modules\firebase-tools\lib\frameworks\index.js:201:20)
    at async Object.startAll (C:\Users\John\AppData\Roaming\npm\node_modules\firebase-tools\lib\emulator\controller.js:294:9)
    at async C:\Users\John\AppData\Roaming\npm\node_modules\firebase-tools\lib\commands\emulators-start.js:32:43
[error] 
[error] Error: An unexpected error has occurred.
